Watching for file changes with StatReloader
C:\Users\umer.saleh\Documents\Travel Request(Django)\travel_requests\requests\views.py changed, reloading.
Watching for file changes with StatReloader
C:\Users\umer.saleh\Documents\Travel Request(Django)\travel_requests\requests\views.py changed, reloading.
Watching for file changes with StatReloader
C:\Users\umer.saleh\Documents\Travel Request(Django)\travel_requests\requests\views.py changed, reloading.
Watching for file changes with StatReloader
C:\Users\umer.saleh\Documents\Travel Request(Django)\travel_requests\requests\views.py changed, reloading.
Watching for file changes with StatReloader
C:\Users\umer.saleh\Documents\Travel Request(Django)\travel_requests\requests\views.py changed, reloading.
Watching for file changes with StatReloader
C:\Users\umer.saleh\Documents\Travel Request(Django)\travel_requests\requests\views.py changed, reloading.
Watching for file changes with StatReloader
C:\Users\umer.saleh\Documents\Travel Request(Django)\travel_requests\requests\serializers.py changed, reloading.
Watching for file changes with StatReloader
C:\Users\umer.saleh\Documents\Travel Request(Django)\travel_requests\requests\views.py changed, reloading.
Watching for file changes with StatReloader
C:\Users\umer.saleh\Documents\Travel Request(Django)\travel_requests\requests\views.py changed, reloading.
Watching for file changes with StatReloader
C:\Users\umer.saleh\Documents\Travel Request(Django)\travel_requests\requests\views.py changed, reloading.
Watching for file changes with StatReloader
C:\Users\umer.saleh\Documents\Travel Request(Django)\travel_requests\requests\views.py changed, reloading.
Watching for file changes with StatReloader
C:\Users\umer.saleh\Documents\Travel Request(Django)\travel_requests\requests\views.py changed, reloading.
Watching for file changes with StatReloader
C:\Users\umer.saleh\Documents\Travel Request(Django)\travel_requests\requests\views.py changed, reloading.
Watching for file changes with StatReloader
C:\Users\umer.saleh\Documents\Travel Request(Django)\travel_requests\requests\views.py changed, reloading.
Watching for file changes with StatReloader
C:\Users\umer.saleh\Documents\Travel Request(Django)\travel_requests\requests\views.py changed, reloading.
Watching for file changes with StatReloader
C:\Users\umer.saleh\Documents\Travel Request(Django)\travel_requests\requests\views.py changed, reloading.
Watching for file changes with StatReloader
C:\Users\umer.saleh\Documents\Travel Request(Django)\travel_requests\requests\views.py changed, reloading.
Watching for file changes with StatReloader
C:\Users\umer.saleh\Documents\Travel Request(Django)\travel_requests\requests\views.py changed, reloading.
Watching for file changes with StatReloader
C:\Users\umer.saleh\Documents\Travel Request(Django)\travel_requests\requests\views.py changed, reloading.
Watching for file changes with StatReloader
C:\Users\umer.saleh\Documents\Travel Request(Django)\travel_requests\requests\views.py changed, reloading.
Watching for file changes with StatReloader
C:\Users\umer.saleh\Documents\Travel Request(Django)\travel_requests\requests\views.py changed, reloading.
Watching for file changes with StatReloader
C:\Users\umer.saleh\Documents\Travel Request(Django)\travel_requests\requests\views.py changed, reloading.
Watching for file changes with StatReloader
C:\Users\umer.saleh\Documents\Travel Request(Django)\travel_requests\requests\views.py changed, reloading.
Watching for file changes with StatReloader
C:\Users\umer.saleh\Documents\Travel Request(Django)\travel_requests\requests\views.py changed, reloading.
Watching for file changes with StatReloader
C:\Users\umer.saleh\Documents\Travel Request(Django)\travel_requests\requests\views.py changed, reloading.
Watching for file changes with StatReloader
C:\Users\umer.saleh\Documents\Travel Request(Django)\travel_requests\requests\views.py changed, reloading.
Watching for file changes with StatReloader
C:\Users\umer.saleh\Documents\Travel Request(Django)\travel_requests\requests\views.py changed, reloading.
Watching for file changes with StatReloader
C:\Users\umer.saleh\Documents\Travel Request(Django)\travel_requests\requests\views.py changed, reloading.
Watching for file changes with StatReloader
C:\Users\umer.saleh\Documents\Travel Request(Django)\travel_requests\requests\views.py changed, reloading.
Watching for file changes with StatReloader
C:\Users\umer.saleh\Documents\Travel Request(Django)\travel_requests\requests\views.py changed, reloading.
Watching for file changes with StatReloader
C:\Users\umer.saleh\Documents\Travel Request(Django)\travel_requests\requests\views.py changed, reloading.
Watching for file changes with StatReloader
C:\Users\umer.saleh\Documents\Travel Request(Django)\travel_requests\requests\views.py changed, reloading.
Watching for file changes with StatReloader
C:\Users\umer.saleh\Documents\Travel Request(Django)\travel_requests\requests\views.py changed, reloading.
Watching for file changes with StatReloader
C:\Users\umer.saleh\Documents\Travel Request(Django)\travel_requests\requests\views.py changed, reloading.
Watching for file changes with StatReloader
C:\Users\umer.saleh\Documents\Travel Request(Django)\travel_requests\requests\views.py changed, reloading.
Watching for file changes with StatReloader
C:\Users\umer.saleh\Documents\Travel Request(Django)\travel_requests\requests\views.py changed, reloading.
Watching for file changes with StatReloader
C:\Users\umer.saleh\Documents\Travel Request(Django)\travel_requests\requests\views.py changed, reloading.
Watching for file changes with StatReloader
C:\Users\umer.saleh\Documents\Travel Request(Django)\travel_requests\requests\views.py changed, reloading.
Watching for file changes with StatReloader
C:\Users\umer.saleh\Documents\Travel Request(Django)\travel_requests\requests\views.py changed, reloading.
Watching for file changes with StatReloader
C:\Users\umer.saleh\Documents\Travel Request(Django)\travel_requests\requests\views.py changed, reloading.
Watching for file changes with StatReloader
C:\Users\umer.saleh\Documents\Travel Request(Django)\travel_requests\requests\views.py changed, reloading.
Watching for file changes with StatReloader
C:\Users\umer.saleh\Documents\Travel Request(Django)\travel_requests\requests\views.py changed, reloading.
Watching for file changes with StatReloader
C:\Users\umer.saleh\Documents\Travel Request(Django)\travel_requests\requests\views.py changed, reloading.
Watching for file changes with StatReloader
C:\Users\umer.saleh\Documents\Travel Request(Django)\travel_requests\requests\views.py changed, reloading.
Watching for file changes with StatReloader
C:\Users\umer.saleh\Documents\Travel Request(Django)\travel_requests\requests\views.py changed, reloading.
Watching for file changes with StatReloader
C:\Users\umer.saleh\Documents\Travel Request(Django)\travel_requests\requests\views.py changed, reloading.
Watching for file changes with StatReloader
C:\Users\umer.saleh\Documents\Travel Request(Django)\travel_requests\requests\views.py changed, reloading.
Watching for file changes with StatReloader
C:\Users\umer.saleh\Documents\Travel Request(Django)\travel_requests\requests\views.py changed, reloading.
Watching for file changes with StatReloader
C:\Users\umer.saleh\Documents\Travel Request(Django)\travel_requests\requests\views.py changed, reloading.
Watching for file changes with StatReloader
C:\Users\umer.saleh\Documents\Travel Request(Django)\travel_requests\requests\views.py changed, reloading.
Watching for file changes with StatReloader
C:\Users\umer.saleh\Documents\Travel Request(Django)\travel_requests\requests\views.py changed, reloading.
Watching for file changes with StatReloader
C:\Users\umer.saleh\Documents\Travel Request(Django)\travel_requests\requests\views.py changed, reloading.
Watching for file changes with StatReloader
C:\Users\umer.saleh\Documents\Travel Request(Django)\travel_requests\requests\views.py changed, reloading.
Watching for file changes with StatReloader
C:\Users\umer.saleh\Documents\Travel Request(Django)\travel_requests\requests\views.py changed, reloading.
Watching for file changes with StatReloader
C:\Users\umer.saleh\Documents\Travel Request(Django)\travel_requests\requests\views.py changed, reloading.
Watching for file changes with StatReloader
C:\Users\umer.saleh\Documents\Travel Request(Django)\travel_requests\requests\views.py changed, reloading.
Watching for file changes with StatReloader
Token generated for manager
Forbidden: /api/employee/requests/11/action/
Bad Request: /api/auth/employee/login/
Token generated for employee
Watching for file changes with StatReloader
Watching for file changes with StatReloader
C:\Users\umer.saleh\Documents\Travel Request(Django)\travel_requests\travel_requests\settings.py changed, reloading.
Watching for file changes with StatReloader
C:\Users\umer.saleh\Documents\Travel Request(Django)\travel_requests\requests\urls.py changed, reloading.
Watching for file changes with StatReloader
Unauthorized: /api/employee/requests/
Unauthorized: /api/employee/requests/
Method Not Allowed: /api/auth/employee/login/
Token generated for employee
Unauthorized: /api/employee/requests/
Watching for file changes with StatReloader
Watching for file changes with StatReloader
Not Found: /api/employee/requests//11
Not Found: /api/employee/requests//11
Not Found: /api/employee/requests//11
Not Found: /api/employee/requests//11
Not Found: /api/employee/requests//11
Not Found: /favicon.ico
Not Found: /api/employee/requests/11
Not Found: /api/employee/requests/11
Not Found: /api/employee/requests/11
Not Found: /api/employee/requests/11
Not Found: /api/employee/requests/11
Not Found: /api/employee/requests/11
Not Found: /api/employee/requests/11/
Not Found: /api/employee/requests/11/
C:\Users\umer.saleh\Documents\Travel Request(Django)\travel_requests\requests\urls.py changed, reloading.
Watching for file changes with StatReloader
Not Found: /api/employee/requests/11/
C:\Users\umer.saleh\Documents\Travel Request(Django)\travel_requests\requests\urls.py changed, reloading.
Watching for file changes with StatReloader
C:\Users\umer.saleh\Documents\Travel Request(Django)\travel_requests\requests\urls.py changed, reloading.
Watching for file changes with StatReloader
Not Found: /api/employee/requests/11/
C:\Users\umer.saleh\Documents\Travel Request(Django)\travel_requests\requests\urls.py changed, reloading.
Watching for file changes with StatReloader
Not Found: /api/employee/requests/11/
Not Found: /api/employee/requests/11
Unauthorized: /api/employee/requests/11/action/
C:\Users\umer.saleh\Documents\Travel Request(Django)\travel_requests\requests\urls.py changed, reloading.
Watching for file changes with StatReloader
Not Found: /api/employee/requests/11/action/
C:\Users\umer.saleh\Documents\Travel Request(Django)\travel_requests\requests\urls.py changed, reloading.
Watching for file changes with StatReloader
Unauthorized: /api/employee/requests/11/action/
Token generated for employee
Unauthorized: /api/employee/requests/11/action/
Unauthorized: /api/employee/requests/11/action/
Unauthorized: /api/employee/requests/12/action/
Unauthorized: /api/employee/requests/12/action/
Unauthorized: /api/employee/requests/12/action/
Unauthorized: /api/employee/requests/13/action/
Watching for file changes with StatReloader
Watching for file changes with StatReloader
No requests found
Not Found: /api/employee/requests/
No requests found
Not Found: /api/employee/requests/
No requests found
Not Found: /api/employee/requests/
No requests found
Not Found: /api/employee/requests/
Watching for file changes with StatReloader
Bad Request: /api/employee/requests/new/
C:\Users\umer.saleh\Documents\Travel Request(Django)\travel_requests\requests\views.py changed, reloading.
Watching for file changes with StatReloader
C:\Users\umer.saleh\Documents\Travel Request(Django)\travel_requests\requests\views.py changed, reloading.
Watching for file changes with StatReloader
C:\Users\umer.saleh\Documents\Travel Request(Django)\travel_requests\requests\views.py changed, reloading.
Watching for file changes with StatReloader
C:\Users\umer.saleh\Documents\Travel Request(Django)\travel_requests\requests\urls.py changed, reloading.
Watching for file changes with StatReloader
C:\Users\umer.saleh\Documents\Travel Request(Django)\travel_requests\requests\urls.py changed, reloading.
Watching for file changes with StatReloader
C:\Users\umer.saleh\Documents\Travel Request(Django)\travel_requests\requests\views.py changed, reloading.
Watching for file changes with StatReloader
C:\Users\umer.saleh\Documents\Travel Request(Django)\travel_requests\requests\views.py changed, reloading.
Watching for file changes with StatReloader
C:\Users\umer.saleh\Documents\Travel Request(Django)\travel_requests\requests\views.py changed, reloading.
Watching for file changes with StatReloader
C:\Users\umer.saleh\Documents\Travel Request(Django)\travel_requests\requests\views.py changed, reloading.
Watching for file changes with StatReloader
C:\Users\umer.saleh\Documents\Travel Request(Django)\travel_requests\requests\views.py changed, reloading.
Watching for file changes with StatReloader
C:\Users\umer.saleh\Documents\Travel Request(Django)\travel_requests\requests\views.py changed, reloading.
Watching for file changes with StatReloader
C:\Users\umer.saleh\Documents\Travel Request(Django)\travel_requests\requests\views.py changed, reloading.
Watching for file changes with StatReloader
C:\Users\umer.saleh\Documents\Travel Request(Django)\travel_requests\requests\views.py changed, reloading.
Watching for file changes with StatReloader
C:\Users\umer.saleh\Documents\Travel Request(Django)\travel_requests\requests\views.py changed, reloading.
Watching for file changes with StatReloader
C:\Users\umer.saleh\Documents\Travel Request(Django)\travel_requests\requests\views.py changed, reloading.
Watching for file changes with StatReloader
Bad Request: /api/employee/requests/new/
Watching for file changes with StatReloader
No requests found
Not Found: /api/employee/requests/
Bad Request: /api/employee/requests/new/
Bad Request: /api/employee/requests/new/
Bad Request: /api/employee/requests/new/
Bad Request: /api/employee/requests/new/
Unauthorized: /api/employee/requests/new/
Not Found: /favicon.ico
C:\Users\umer.saleh\Documents\Travel Request(Django)\travel_requests\requests\views.py changed, reloading.
Watching for file changes with StatReloader
C:\Users\umer.saleh\Documents\Travel Request(Django)\travel_requests\requests\views.py changed, reloading.
Watching for file changes with StatReloader
Bad Request: /api/employee/requests/new/
